#
# A fatal error has been detected by the Java Runtime Environment:
#
#  EXCEPTION_ACCESS_VIOLATION (0xc0000005) at pc=0x00007ffcd28ca24e, pid=4536, tid=12548
#
# JRE version: Java(TM) SE Runtime Environment (20.0.2+9) (build 20.0.2+9-78)
# Java VM: Java HotSpot(TM) 64-Bit Server VM (20.0.2+9-78, mixed mode, emulated-client, sharing, tiered, compressed oops, compressed class ptrs, g1 gc, windows-amd64)
# Problematic frame:
# V  [jvm.dll+0x31a24e]
#
# No core dump will be written. Minidumps are not enabled by default on client versions of Windows
#
# If you would like to submit a bug report, please visit:
#   https://bugreport.java.com/bugreport/crash.jsp
#

---------------  S U M M A R Y ------------

Command Line: -XX:TieredStopAtLevel=1 -Dspring.output.ansi.enabled=always -Dcom.sun.management.jmxremote -Dspring.jmx.enabled=true -Dspring.liveBeansView.mbeanDomain -Dspring.application.admin.enabled=true -Dmanagement.endpoints.jmx.exposure.include=* -javaagent:D:\Desenvolvimento\Intellij\IntelliJ IDEA 2023.2\lib\idea_rt.jar=52649:D:\Desenvolvimento\Intellij\IntelliJ IDEA 2023.2\bin -Dfile.encoding=UTF-8 -Dsun.stdout.encoding=UTF-8 -Dsun.stderr.encoding=UTF-8 com.challenge.vote.voting.session.VotingSessionApplication

Host: Intel(R) Core(TM) i5-10400F CPU @ 2.90GHz, 12 cores, 7G,  Windows 10 , 64 bit Build 19041 (10.0.19041.3155)
Time: Tue Aug 29 16:46:21 2023 Hora oficial do Brasil elapsed time: 3.609285 seconds (0d 0h 0m 3s)

---------------  T H R E A D  ---------------

Current thread (0x0000020c2ae37a50):  WorkerThread "G1 Conc#0" [stack: 0x0000001b1b100000,0x0000001b1b200000] [id=12548]

Stack: [0x0000001b1b100000,0x0000001b1b200000],  sp=0x0000001b1b1ff790,  free space=1021k
Native frames: (J=compiled Java code, j=interpreted, Vv=VM code, C=native code)
V  [jvm.dll+0x31a24e]
V  [jvm.dll+0x33658a]
V  [jvm.dll+0x33501c]
V  [jvm.dll+0x336c9c]
V  [jvm.dll+0x3358e9]
V  [jvm.dll+0x3395b6]
V  [jvm.dll+0x876b17]
V  [jvm.dll+0x7f5c76]
V  [jvm.dll+0x6baecb]
C  [ucrtbase.dll+0x21bb2]
C  [KERNEL32.DLL+0x17614]
C  [ntdll.dll+0x526b1]


siginfo: EXCEPTION_ACCESS_VIOLATION (0xc0000005), reading address 0x00007ffb530f4b10


Registers:
RAX=0x00007ffcd30f4b00, RBX=0x0000000001877800, RCX=0x0000001b1b1ff8e0, RDX=0x0000000081d09f98
RSP=0x0000001b1b1ff790, RBP=0x0000001b1b1ff8e0, RSI=0x0000000081d09f98, RDI=0x0000020c3bc00009
R8 =0x0000020c3bc00009, R9 =0xffffffffd0000002, R10=0x0000020c3bc00000, R11=0x0000000000000003
R12=0x0000000000000000, R13=0xaaaaaaaaaaaaaaab, R14=0x0000000000000000, R15=0x0000001b1b1ff8a0
RIP=0x00007ffcd28ca24e, EFLAGS=0x0000000000010206


Register to memory mapping:

RIP=0x00007ffcd28ca24e jvm.dll
RAX=0x00007ffcd30f4b00 jvm.dll
RBX=0x0000000001877800 is an unknown value
RCX=0x0000001b1b1ff8e0 points into unknown readable memory: 0x00007ffcd2f30e18 | 18 0e f3 d2 fc 7f 00 00
RDX=0x0000000081d09f98 is pointing into object: java.util.HashMap$Node 
{0x0000000081d09f80} - klass: 'java/util/HashMap$Node'
 - ---- fields (total size 4 words):
 - final 'hash' 'I' @12  13220037 (0x00c9b8c5)
 - final 'key' 'Ljava/lang/Object;' @16  "socket.sslreneg"{0x0000000081d09fa0} (0x81d09fa0)
 - 'value' 'Ljava/lang/Object;' @20  "Exception re-negotiating SSL connection"{0x0000000081d09fd8} (0x81d09fd8)
 - 'next' 'Ljava/util/HashMap$Node;' @24  NULL (0x00000000)
RSP=0x0000001b1b1ff790 points into unknown readable memory: 0x0000020c3bca6a38 | 38 6a ca 3b 0c 02 00 00
RBP=0x0000001b1b1ff8e0 points into unknown readable memory: 0x00007ffcd2f30e18 | 18 0e f3 d2 fc 7f 00 00
RSI=0x0000000081d09f98 is pointing into object: java.util.HashMap$Node 
{0x0000000081d09f80} - klass: 'java/util/HashMap$Node'
 - ---- fields (total size 4 words):
 - final 'hash' 'I' @12  13220037 (0x00c9b8c5)
 - final 'key' 'Ljava/lang/Object;' @16  "socket.sslreneg"{0x0000000081d09fa0} (0x81d09fa0)
 - 'value' 'Ljava/lang/Object;' @20  "Exception re-negotiating SSL connection"{0x0000000081d09fd8} (0x81d09fd8)
 - 'next' 'Ljava/util/HashMap$Node;' @24  NULL (0x00000000)
RDI=0x0000020c3bc00009 is pointing into metadata
R8 =0x0000020c3bc00009 is pointing into metadata
R9 =0xffffffffd0000002 is an unknown value
R10=0x0000020c3bc00000 is pointing into metadata
R11=0x0000000000000003 is an unknown value
R12=0x0 is NULL
R13=0xaaaaaaaaaaaaaaab is an unknown value
R14=0x0 is NULL
R15=0x0000001b1b1ff8a0 points into unknown readable memory: 0x0000020c2ae25110 | 10 51 e2 2a 0c 02 00 00


Top of Stack: (sp=0x0000001b1b1ff790)
0x0000001b1b1ff790:   0000020c3bca6a38 0000000000000003
0x0000001b1b1ff7a0:   0000001b1b1ff8e0 00007ffcd28ca252
0x0000001b1b1ff7b0:   0000000081d09f98 00007ffcd28e658a
0x0000001b1b1ff7c0:   0000020c2ae420e0 0000000000000040
0x0000001b1b1ff7d0:   0000000000000047 00007ffcd28e8a80
0x0000001b1b1ff7e0:   0000000000000001 000000008233a340
0x0000001b1b1ff7f0:   0000001b1b1ff8a0 0000020c2ae25120
0x0000001b1b1ff800:   00000000001a7468 00007ffcd28e501c
0x0000001b1b1ff810:   00000000001a7468 0000000000000000
0x0000001b1b1ff820:   0000000081d09f98 00007ffcd28e6724
0x0000001b1b1ff830:   00000000001c0000 00007ffcd28e6c9c
0x0000001b1b1ff840:   000000008233a2d0 00000000001a7468
0x0000001b1b1ff850:   000000000004c4b4 0000000000000000
0x0000001b1b1ff860:   0000020c2ae37d30 0000000000000001
0x0000001b1b1ff870:   0000020c2ae420e0 00007ffcd28e58e9
0x0000001b1b1ff880:   0000020c2ae42178 0000000000000000
0x0000001b1b1ff890:   0000001b1b0ff401 0000000000000000
0x0000001b1b1ff8a0:   0000020c2ae25110 0000020c2ae420e0
0x0000001b1b1ff8b0:   0000000082300000 0000000000020000
0x0000001b1b1ff8c0:   0000000082300000 0000000000020000
0x0000001b1b1ff8d0:   0000000000000000 000000000002625a
0x0000001b1b1ff8e0:   00007ffcd2f30e18 0000020c2ae36770
0x0000001b1b1ff8f0:   0000001b00000003 0000020c2adda7c0
0x0000001b1b1ff900:   0000020c2ae420e0 00007ffcd2c3cd73
0x0000001b1b1ff910:   c215b08487ffef9e 0000000000000000
0x0000001b1b1ff920:   0000000000000000 0000000000000000
0x0000001b1b1ff930:   0000020c2ae37d30 0000020c2ae37158
0x0000001b1b1ff940:   0000020c2ae38108 0000000000000002
0x0000001b1b1ff950:   0000020c2adda040 0000001b1b0ff4e0
0x0000001b1b1ff960:   0000020c2ae37d20 00007ffcd28e95b6
0x0000001b1b1ff970:   000001c2a9519cc0 0000000000000000
0x0000001b1b1ff980:   0000020c2ae420e0 0000001b1b0ff4e0 

Instructions: (pc=0x00007ffcd28ca24e)
0x00007ffcd28ca14e:   49 8b c2 4c 8d 0d 58 0b 00 00 49 0f 45 c1 48 89
0x00007ffcd28ca15e:   05 cd a9 82 00 49 3b c2 0f 84 84 0a 00 00 48 ff
0x00007ffcd28ca16e:   e0 cc 48 83 ec 38 80 3d ef 76 89 00 00 4c 8d 1d
0x00007ffcd28ca17e:   be df ce ff 41 0f 10 01 49 8b c3 4c 8d 15 b0 df
0x00007ffcd28ca18e:   ce ff 49 0f 45 c2 48 89 05 55 a9 82 00 0f 29 44
0x00007ffcd28ca19e:   24 20 49 3b c3 74 07 4c 8d 4c 24 20 ff d0 48 83
0x00007ffcd28ca1ae:   c4 38 c3 cc cc cc cc cc cc cc cc cc cc cc cc cc
0x00007ffcd28ca1be:   cc cc 80 3d a3 76 89 00 00 4c 8d 15 72 df ce ff
0x00007ffcd28ca1ce:   49 8b c2 4c 8d 0d 68 df ce ff 49 0f 45 c1 48 89
0x00007ffcd28ca1de:   05 45 a9 82 00 49 3b c2 74 03 48 ff e0 c3 cc cc
0x00007ffcd28ca1ee:   cc cc 48 89 5c 24 08 48 89 6c 24 10 48 89 74 24
0x00007ffcd28ca1fe:   18 57 48 83 ec 20 80 3d 60 76 89 00 00 48 8b ea
0x00007ffcd28ca20e:   48 8b f1 74 15 8b 79 08 8b 0d cc 9d 82 00 48 d3
0x00007ffcd28ca21e:   e7 48 03 3d ba 9d 82 00 eb 04 48 8b 79 08 48 8b
0x00007ffcd28ca22e:   d7 48 8b ce e8 49 66 e2 ff 4c 63 4f 0c 48 8b d8
0x00007ffcd28ca23e:   48 8d 05 bb a8 82 00 4c 8b c7 48 8b d6 48 8b cd
0x00007ffcd28ca24e:   42 ff 14 c8 48 8b 6c 24 38 48 8b c3 48 8b 5c 24
0x00007ffcd28ca25e:   30 48 8b 74 24 40 48 83 c4 20 5f c3 cc cc cc cc
0x00007ffcd28ca26e:   cc cc 40 55 48 83 ec 30 48 89 5c 24 40 48 8b e9
0x00007ffcd28ca27e:   49 8b d8 48 89 74 24 48 44 8b 41 10 45 33 c9 4c
0x00007ffcd28ca28e:   89 74 24 28 4c 89 7c 24 20 4c 8b fa 48 8b d1 48
0x00007ffcd28ca29e:   8b 8b 98 00 00 00 e8 b7 c8 f0 ff 4c 63 93 a0 00
0x00007ffcd28ca2ae:   00 00 4c 63 8b 14 01 00 00 49 83 c2 38 8b 83 10
0x00007ffcd28ca2be:   01 00 00 4d 03 d1 49 03 c2 4a 8d 34 d3 4c 8d 34
0x00007ffcd28ca2ce:   c3 49 3b f6 73 4d 48 89 7c 24 50 0f 1f 80 00 00
0x00007ffcd28ca2de:   00 00 48 63 1e 8b 46 04 49 03 df 48 8d 3c c3 48
0x00007ffcd28ca2ee:   3b df 73 21 48 8b 4d 20 48 ff 81 b8 00 00 00 48
0x00007ffcd28ca2fe:   8b 13 48 85 d2 74 05 e8 b6 29 00 00 48 83 c3 08
0x00007ffcd28ca30e:   48 3b df 72 df 48 83 c6 08 49 3b f6 72 c4 48 8b
0x00007ffcd28ca31e:   7c 24 50 49 8b cf e8 87 16 0d 00 4c 8b 7c 24 20
0x00007ffcd28ca32e:   4c 8b 74 24 28 48 8b 74 24 48 48 8b 5c 24 40 48
0x00007ffcd28ca33e:   85 c0 74 17 44 8b 45 10 45 33 c9 48 8b d5 48 8b 


Stack slot to memory mapping:
stack at sp + 0 slots: 0x0000020c3bca6a38 is a pointer to class: 
java.lang.invoke.ResolvedMethodName {0x0000020c3bca6a40}
 - instance size:     3
 - klass size:        64
 - access:            final synchronized 
 - state:             fully_initialized
 - name:              'java/lang/invoke/ResolvedMethodName'
 - super:             'java/lang/Object'
 - sub:               
 - arrays:            NULL
 - methods:           Array<T>(0x0000020c3c30d998)
 - method ordering:   Array<T>(0x0000020c3c30d9f8)
 - default_methods:   Array<T>(0x0000000000000000)
 - local interfaces:  Array<T>(0x0000020c3c210170)
 - trans. interfaces: Array<T>(0x0000020c3c210170)
 - constants:         constant pool [16] {0x0000020c3c30d8d8} for 'java/lang/invoke/ResolvedMethodName' cache=0x0000020c3bca6c50
 - class loader data:  loader data: 0x0000020c2ade3ae0 of 'bootstrap'
 - source file:       'MemberName.java'
 - class annotations:       Array<T>(0x0000000000000000)
 - class type annotations:  Array<T>(0x0000000000000000)
 - field annotations:       Array<T>(0x0000000000000000)
 - field type annotations:  Array<T>(0x0000000000000000)
 - inner classes:     Array<T>(0x0000020c3c2100f8)
 - nest members:     Array<T>(0x0000020c3c2100f8)
 - permitted subclasses:     Array<T>(0x0000020c3c2100f8)
 - java mirror:       a 'java/lang/Class'{0x00000000819f2378} = 'java/lang/invoke/ResolvedMethodName'
 - vtable length      5  (start addr: 0x0000020c3bca6bf8)
 - itable length      2 (start addr: 0x0000020c3bca6c20)
 - ---- static fields (0 words):
 - ---- non-static fields (3 words):
 - abstract internal 'vmholder' 'Ljava/lang/Object;' @12 
 - abstract internal 'vmtarget' 'J' @16 
 - non-static oop maps: 12-12 
stack at sp + 1 slots: 0x0000000000000003 is an unknown value
stack at sp + 2 slots: 0x0000001b1b1ff8e0 points into unknown readable memory: 0x00007ffcd2f30e18 | 18 0e f3 d2 fc 7f 00 00
stack at sp + 3 slots: 0x00007ffcd28ca252 jvm.dll
stack at sp + 4 slots: 0x0000000081d09f98 is pointing into object: java.util.HashMap$Node 
{0x0000000081d09f80} - klass: 'java/util/HashMap$Node'
 - ---- fields (total size 4 words):
 - final 'hash' 'I' @12  13220037 (0x00c9b8c5)
 - final 'key' 'Ljava/lang/Object;' @16  "socket.sslreneg"{0x0000000081d09fa0} (0x81d09fa0)
 - 'value' 'Ljava/lang/Object;' @20  "Exception re-negotiating SSL connection"{0x0000000081d09fd8} (0x81d09fd8)
 - 'next' 'Ljava/util/HashMap$Node;' @24  NULL (0x00000000)
stack at sp + 5 slots: 0x00007ffcd28e658a jvm.dll
stack at sp + 6 slots: 0x0000020c2ae420e0 points into unknown readable memory: 0x00007ffcd2f30df8 | f8 0d f3 d2 fc 7f 00 00
stack at sp + 7 slots: 0x0000000000000040 is an unknown value


---------------  P R O C E S S  ---------------

Threads class SMR info:
_java_thread_list=0x0000020c7ed864f0, length=23, elements={
0x0000020c2adc4880, 0x0000020c3ba76950, 0x0000020c3ba778f0, 0x0000020c3ba7b5e0,
0x0000020c3ba7d290, 0x0000020c3ba7e6b0, 0x0000020c3ba82c90, 0x0000020c3ba83f10,
0x0000020c7ccb3ba0, 0x0000020c7ccd26c0, 0x0000020c7ccd9080, 0x0000020c7ccdc240,
0x0000020c7d063f50, 0x0000020c7d0671d0, 0x0000020c7d22a010, 0x0000020c7e168e70,
0x0000020c7e1b7a30, 0x0000020c7e658450, 0x0000020c7e5eef90, 0x0000020c7e6cc5a0,
0x0000020c7e6ca070, 0x0000020c7e6cc050, 0x0000020c7e6ca5c0
}

Java Threads: ( => current thread )
  0x0000020c2adc4880 JavaThread "main" [_thread_blocked, id=7308, stack(0x0000001b1ae00000,0x0000001b1af00000)]
  0x0000020c3ba76950 JavaThread "Reference Handler" daemon [_thread_blocked, id=14680, stack(0x0000001b1b500000,0x0000001b1b600000)]
  0x0000020c3ba778f0 JavaThread "Finalizer" daemon [_thread_blocked, id=2028, stack(0x0000001b1b600000,0x0000001b1b700000)]
  0x0000020c3ba7b5e0 JavaThread "Signal Dispatcher" daemon [_thread_blocked, id=12408, stack(0x0000001b1b700000,0x0000001b1b800000)]
  0x0000020c3ba7d290 JavaThread "Attach Listener" daemon [_thread_blocked, id=428, stack(0x0000001b1b800000,0x0000001b1b900000)]
  0x0000020c3ba7e6b0 JavaThread "Service Thread" daemon [_thread_blocked, id=2468, stack(0x0000001b1b900000,0x0000001b1ba00000)]
  0x0000020c3ba82c90 JavaThread "Monitor Deflation Thread" daemon [_thread_blocked, id=15700, stack(0x0000001b1ba00000,0x0000001b1bb00000)]
  0x0000020c3ba83f10 JavaThread "C1 CompilerThread0" daemon [_thread_blocked, id=3268, stack(0x0000001b1bb00000,0x0000001b1bc00000)]
  0x0000020c7ccb3ba0 JavaThread "Common-Cleaner" daemon [_thread_blocked, id=14840, stack(0x0000001b1bc00000,0x0000001b1bd00000)]
  0x0000020c7ccd26c0 JavaThread "C1 CompilerThread1" daemon [_thread_blocked, id=3024, stack(0x0000001b1bd00000,0x0000001b1be00000)]
  0x0000020c7ccd9080 JavaThread "C1 CompilerThread2" daemon [_thread_blocked, id=12240, stack(0x0000001b1be00000,0x0000001b1bf00000)]
  0x0000020c7ccdc240 JavaThread "C1 CompilerThread3" daemon [_thread_blocked, id=15948, stack(0x0000001b1bf00000,0x0000001b1c000000)]
  0x0000020c7d063f50 JavaThread "Monitor Ctrl-Break" daemon [_thread_in_native, id=6816, stack(0x0000001b1c000000,0x0000001b1c100000)]
  0x0000020c7d0671d0 JavaThread "Notification Thread" daemon [_thread_blocked, id=7572, stack(0x0000001b1c100000,0x0000001b1c200000)]
  0x0000020c7d22a010 JavaThread "RMI TCP Accept-0" daemon [_thread_in_native, id=12216, stack(0x0000001b1c200000,0x0000001b1c300000)]
  0x0000020c7e168e70 JavaThread "RMI TCP Connection(1)-192.168.18.94" daemon [_thread_in_native, id=15160, stack(0x0000001b1cb00000,0x0000001b1cc00000)]
  0x0000020c7e1b7a30 JavaThread "RMI Scheduler(0)" daemon [_thread_blocked, id=14852, stack(0x0000001b1ce00000,0x0000001b1cf00000)]
  0x0000020c7e658450 JavaThread "Catalina-utility-1" [_thread_blocked, id=2844, stack(0x0000001b1d100000,0x0000001b1d200000)]
  0x0000020c7e5eef90 JavaThread "Catalina-utility-2" [_thread_blocked, id=3948, stack(0x0000001b1d200000,0x0000001b1d300000)]
  0x0000020c7e6cc5a0 JavaThread "container-0" [_thread_blocked, id=6560, stack(0x0000001b1d300000,0x0000001b1d400000)]
  0x0000020c7e6ca070 JavaThread "PostgreSQL-JDBC-Cleaner" daemon [_thread_blocked, id=9444, stack(0x0000001b1d500000,0x0000001b1d600000)]
  0x0000020c7e6cc050 JavaThread "HikariPool-1 housekeeper" daemon [_thread_blocked, id=852, stack(0x0000001b1d600000,0x0000001b1d700000)]
  0x0000020c7e6ca5c0 JavaThread "HikariPool-1 connection adder" daemon [_thread_blocked, id=15404, stack(0x0000001b1d700000,0x0000001b1d800000)]

Other Threads:
  0x0000020c3ba515c0 VMThread "VM Thread" [stack: 0x0000001b1b400000,0x0000001b1b500000] [id=6072]
  0x0000020c2adc5770 WatcherThread "VM Periodic Task Thread" [stack: 0x0000001b1c300000,0x0000001b1c400000] [id=4308]
  0x0000020c2ae23bd0 WorkerThread "GC Thread#0" [stack: 0x0000001b1af00000,0x0000001b1b000000] [id=11272]
  0x0000020c7d68f890 WorkerThread "GC Thread#1" [stack: 0x0000001b1c400000,0x0000001b1c500000] [id=15392]
  0x0000020c7d670720 WorkerThread "GC Thread#2" [stack: 0x0000001b1c500000,0x0000001b1c600000] [id=12100]
  0x0000020c7d6f51e0 WorkerThread "GC Thread#3" [stack: 0x0000001b1c600000,0x0000001b1c700000] [id=14856]
  0x0000020c7d6f7120 WorkerThread "GC Thread#4" [stack: 0x0000001b1c700000,0x0000001b1c800000] [id=1468]
  0x0000020c7d6f6b80 WorkerThread "GC Thread#5" [stack: 0x0000001b1c800000,0x0000001b1c900000] [id=13720]
  0x0000020c7d6f57d0 WorkerThread "GC Thread#6" [stack: 0x0000001b1c900000,0x0000001b1ca00000] [id=5304]
  0x0000020c7d6f5aa0 WorkerThread "GC Thread#7" [stack: 0x0000001b1ca00000,0x0000001b1cb00000] [id=9948]
  0x0000020c7d6f6e50 WorkerThread "GC Thread#8" [stack: 0x0000001b1cc00000,0x0000001b1cd00000] [id=16096]
  0x0000020c7d6f5d70 WorkerThread "GC Thread#9" [stack: 0x0000001b1cd00000,0x0000001b1ce00000] [id=9660]
  0x0000020c2ae35960 ConcurrentGCThread "G1 Main Marker" [stack: 0x0000001b1b000000,0x0000001b1b100000] [id=15628]
=>0x0000020c2ae37a50 WorkerThread "G1 Conc#0" [stack: 0x0000001b1b100000,0x0000001b1b200000] [id=12548]
  0x0000020c7d6f6040 WorkerThread "G1 Conc#1" [stack: 0x0000001b1cf00000,0x0000001b1d000000] [id=8972]
  0x0000020c7d6f65e0 WorkerThread "G1 Conc#2" [stack: 0x0000001b1d000000,0x0000001b1d100000] [id=15756]
  0x0000020c3b902550 ConcurrentGCThread "G1 Refine#0" [stack: 0x0000001b1b200000,0x0000001b1b300000] [id=9600]
  0x0000020c3b902ca0 ConcurrentGCThread "G1 Service" [stack: 0x0000001b1b300000,0x0000001b1b400000] [id=12872]

Threads with active compile tasks:

VM state: not at safepoint (normal execution)

VM Mutex/Monitor currently owned by a thread:  ([mutex/lock_event])
[0x0000020c2adbf0d0] Heap_lock - owner thread: 0x0000020c2adc4880

Heap address: 0x0000000081600000, size: 2026 MB, Compressed Oops mode: 32-bit

CDS archive(s) mapped at: [0x0000020c3bc00000-0x0000020c3c860000-0x0000020c3c860000), size 12976128, SharedBaseAddress: 0x0000020c3bc00000, ArchiveRelocationMode: 1.
Compressed class space mapped at: 0x0000020c3cc00000-0x0000020c7cc00000, reserved size: 1073741824
Narrow klass base: 0x0000020c3bc00000, Narrow klass shift: 0, Narrow klass range: 0x100000000

GC Precious Log:
 CardTable entry size: 512
 Card Set container configuration: InlinePtr #cards 5 size 8 Array Of Cards #cards 12 size 40 Howl #buckets 4 coarsen threshold 1843 Howl Bitmap #cards 512 size 80 coarsen threshold 460 Card regions per heap region 1 cards per card region 2048
 CPUs: 12 total, 12 available
 Memory: 8101M
 Large Page Support: Disabled
 NUMA Support: Disabled
 Compressed Oops: Enabled (32-bit)
 Heap Region Size: 1M
 Heap Min Capacity: 8M
 Heap Initial Capacity: 128M
 Heap Max Capacity: 2026M
 Pre-touch: Disabled
 Parallel Workers: 10
 Concurrent Workers: 3
 Concurrent Refinement Workers: 10
 Periodic GC: Disabled

Heap:
 garbage-first heap   total 58368K, used 26198K [0x0000000081600000, 0x0000000100000000)
  region size 1024K, 4 young (4096K), 2 survivors (2048K)
 Metaspace       used 55468K, committed 56128K, reserved 1114112K
  class space    used 7839K, committed 8128K, reserved 1048576K

Heap Regions: E=young(eden), S=young(survivor), O=old, HS=humongous(starts), HC=humongous(continues), CS=collection set, F=free, OA=open archive, CA=closed archive, TAMS=top-at-mark-start, PB=parsable bottom
|   0|0x0000000081600000, 0x0000000081700000, 0x0000000081700000|100%|HS|  |TAMS 0x0000000081700000| PB 0x0000000081600000| Complete 
|   1|0x0000000081700000, 0x0000000081800000, 0x0000000081800000|100%| O|  |TAMS 0x0000000081800000| PB 0x0000000081700000| Untracked 
|   2|0x0000000081800000, 0x0000000081900000, 0x0000000081900000|100%| O|  |TAMS 0x0000000081900000| PB 0x0000000081800000| Untracked 
|   3|0x0000000081900000, 0x0000000081a00000, 0x0000000081a00000|100%| O|  |TAMS 0x0000000081a00000| PB 0x0000000081900000| Untracked 
|   4|0x0000000081a00000, 0x0000000081b00000, 0x0000000081b00000|100%| O|  |TAMS 0x0000000081b00000| PB 0x0000000081a00000| Untracked 
|   5|0x0000000081b00000, 0x0000000081c00000, 0x0000000081c00000|100%| O|  |TAMS 0x0000000081c00000| PB 0x0000000081b00000| Untracked 
|   6|0x0000000081c00000, 0x0000000081d00000, 0x0000000081d00000|100%| O|  |TAMS 0x0000000081d00000| PB 0x0000000081c00000| Untracked 
|   7|0x0000000081d00000, 0x0000000081e00000, 0x0000000081e00000|100%| O|  |TAMS 0x0000000081e00000| PB 0x0000000081d00000| Untracked 
|   8|0x0000000081e00000, 0x0000000081f00000, 0x0000000081f00000|100%| O|  |TAMS 0x0000000081f00000| PB 0x0000000081e00000| Untracked 
|   9|0x0000000081f00000, 0x0000000082000000, 0x0000000082000000|100%| O|  |TAMS 0x0000000082000000| PB 0x0000000081f00000| Untracked 
|  10|0x0000000082000000, 0x0000000082100000, 0x0000000082100000|100%| O|  |TAMS 0x0000000082100000| PB 0x0000000082000000| Untracked 
|  11|0x0000000082100000, 0x0000000082200000, 0x0000000082200000|100%| O|  |TAMS 0x0000000082200000| PB 0x0000000082100000| Untracked 
|  12|0x0000000082200000, 0x0000000082300000, 0x0000000082300000|100%| O|  |TAMS 0x0000000082300000| PB 0x0000000082200000| Untracked 
|  13|0x0000000082300000, 0x0000000082400000, 0x0000000082400000|100%| O|  |TAMS 0x0000000082400000| PB 0x0000000082300000| Untracked 
|  14|0x0000000082400000, 0x0000000082500000, 0x0000000082500000|100%| O|  |TAMS 0x0000000082500000| PB 0x0000000082400000| Untracked 
|  15|0x0000000082500000, 0x0000000082600000, 0x0000000082600000|100%| O|  |TAMS 0x0000000082600000| PB 0x0000000082500000| Untracked 
|  16|0x0000000082600000, 0x0000000082700000, 0x0000000082700000|100%| O|  |TAMS 0x0000000082700000| PB 0x0000000082600000| Untracked 
|  17|0x0000000082700000, 0x0000000082800000, 0x0000000082800000|100%| O|  |TAMS 0x0000000082800000| PB 0x0000000082700000| Untracked 
|  18|0x0000000082800000, 0x0000000082900000, 0x0000000082900000|100%| O|  |TAMS 0x0000000082900000| PB 0x0000000082800000| Untracked 
|  19|0x0000000082900000, 0x0000000082a00000, 0x0000000082a00000|100%| O|  |TAMS 0x000000008296be00| PB 0x0000000082900000| Untracked 
|  20|0x0000000082a00000, 0x0000000082b00000, 0x0000000082b00000|100%| O|  |TAMS 0x0000000082a00000| PB 0x0000000082a00000| Untracked 
|  21|0x0000000082b00000, 0x0000000082c00000, 0x0000000082c00000|100%| O|  |TAMS 0x0000000082b00000| PB 0x0000000082b00000| Untracked 
|  22|0x0000000082c00000, 0x0000000082d00000, 0x0000000082d00000|100%| O|  |TAMS 0x0000000082c00000| PB 0x0000000082c00000| Untracked 
|  23|0x0000000082d00000, 0x0000000082d00000, 0x0000000082e00000|  0%| F|  |TAMS 0x0000000082d00000| PB 0x0000000082d00000| Untracked 
|  24|0x0000000082e00000, 0x0000000082e00000, 0x0000000082f00000|  0%| F|  |TAMS 0x0000000082e00000| PB 0x0000000082e00000| Untracked 
|  25|0x0000000082f00000, 0x0000000082f00000, 0x0000000083000000|  0%| F|  |TAMS 0x0000000082f00000| PB 0x0000000082f00000| Untracked 
|  26|0x0000000083000000, 0x0000000083000000, 0x0000000083100000|  0%| F|  |TAMS 0x0000000083000000| PB 0x0000000083000000| Untracked 
|  27|0x0000000083100000, 0x000000008316aa00, 0x0000000083200000| 41%| O|  |TAMS 0x0000000083100000| PB 0x0000000083100000| Untracked 
|  28|0x0000000083200000, 0x0000000083200000, 0x0000000083300000|  0%| F|  |TAMS 0x0000000083200000| PB 0x0000000083200000| Untracked 
|  29|0x0000000083300000, 0x0000000083300000, 0x0000000083400000|  0%| F|  |TAMS 0x0000000083300000| PB 0x0000000083300000| Untracked 
|  30|0x0000000083400000, 0x0000000083400000, 0x0000000083500000|  0%| F|  |TAMS 0x0000000083400000| PB 0x0000000083400000| Untracked 
|  31|0x0000000083500000, 0x0000000083500000, 0x0000000083600000|  0%| F|  |TAMS 0x0000000083500000| PB 0x0000000083500000| Untracked 
|  32|0x0000000083600000, 0x0000000083600000, 0x0000000083700000|  0%| F|  |TAMS 0x0000000083600000| PB 0x0000000083600000| Untracked 
|  33|0x0000000083700000, 0x0000000083700000, 0x0000000083800000|  0%| F|  |TAMS 0x0000000083700000| PB 0x0000000083700000| Untracked 
|  34|0x0000000083800000, 0x0000000083800000, 0x0000000083900000|  0%| F|  |TAMS 0x0000000083800000| PB 0x0000000083800000| Untracked 
|  35|0x0000000083900000, 0x0000000083900000, 0x0000000083a00000|  0%| F|  |TAMS 0x0000000083900000| PB 0x0000000083900000| Untracked 
|  36|0x0000000083a00000, 0x0000000083a00000, 0x0000000083b00000|  0%| F|  |TAMS 0x0000000083a00000| PB 0x0000000083a00000| Untracked 
|  37|0x0000000083b00000, 0x0000000083b00000, 0x0000000083c00000|  0%| F|  |TAMS 0x0000000083b00000| PB 0x0000000083b00000| Untracked 
|  38|0x0000000083c00000, 0x0000000083c00000, 0x0000000083d00000|  0%| F|  |TAMS 0x0000000083c00000| PB 0x0000000083c00000| Untracked 
|  39|0x0000000083d00000, 0x0000000083d00000, 0x0000000083e00000|  0%| F|  |TAMS 0x0000000083d00000| PB 0x0000000083d00000| Untracked 
|  40|0x0000000083e00000, 0x0000000083e2b0c0, 0x0000000083f00000| 16%| S|CS|TAMS 0x0000000083e00000| PB 0x0000000083e00000| Complete 
|  41|0x0000000083f00000, 0x0000000084000000, 0x0000000084000000|100%| S|CS|TAMS 0x0000000083f00000| PB 0x0000000083f00000| Complete 
|  42|0x0000000084000000, 0x0000000084000000, 0x0000000084100000|  0%| F|  |TAMS 0x0000000084000000| PB 0x0000000084000000| Untracked 
|  43|0x0000000084100000, 0x0000000084100000, 0x0000000084200000|  0%| F|  |TAMS 0x0000000084100000| PB 0x0000000084100000| Untracked 
|  44|0x0000000084200000, 0x0000000084200000, 0x0000000084300000|  0%| F|  |TAMS 0x0000000084200000| PB 0x0000000084200000| Untracked 
|  45|0x0000000084300000, 0x0000000084300000, 0x0000000084400000|  0%| F|  |TAMS 0x0000000084300000| PB 0x0000000084300000| Untracked 
|  46|0x0000000084400000, 0x0000000084400000, 0x0000000084500000|  0%| F|  |TAMS 0x0000000084400000| PB 0x0000000084400000| Untracked 
|  47|0x0000000084500000, 0x0000000084500000, 0x0000000084600000|  0%| F|  |TAMS 0x0000000084500000| PB 0x0000000084500000| Untracked 
|  48|0x0000000084600000, 0x0000000084600000, 0x0000000084700000|  0%| F|  |TAMS 0x0000000084600000| PB 0x0000000084600000| Untracked 
|  49|0x0000000084700000, 0x0000000084700000, 0x0000000084800000|  0%| F|  |TAMS 0x0000000084700000| PB 0x0000000084700000| Untracked 
|  50|0x0000000084800000, 0x0000000084800000, 0x0000000084900000|  0%| F|  |TAMS 0x0000000084800000| PB 0x0000000084800000| Untracked 
|  88|0x0000000086e00000, 0x0000000086e00000, 0x0000000086f00000|  0%| F|  |TAMS 0x0000000086e00000| PB 0x0000000086e00000| Untracked 
|  89|0x0000000086f00000, 0x0000000086f00000, 0x0000000087000000|  0%| F|  |TAMS 0x0000000086f00000| PB 0x0000000086f00000| Untracked 
|  90|0x0000000087000000, 0x0000000087000000, 0x0000000087100000|  0%| F|  |TAMS 0x0000000087000000| PB 0x0000000087000000| Untracked 
|  91|0x0000000087100000, 0x0000000087100000, 0x0000000087200000|  0%| F|  |TAMS 0x0000000087100000| PB 0x0000000087100000| Untracked 
|  92|0x0000000087200000, 0x0000000087300000, 0x0000000087300000|100%| E|  |TAMS 0x0000000087200000| PB 0x0000000087200000| Complete 
| 127|0x0000000089500000, 0x0000000089600000, 0x0000000089600000|100%| E|CS|TAMS 0x0000000089500000| PB 0x0000000089500000| Complete 

Card table byte_map: [0x0000020c365d0000,0x0000020c369d0000] _byte_map_base: 0x0000020c361c5000

Marking Bits: (CMBitMap*) 0x0000020c2ae25120
 Bits: [0x0000020c36dd0000, 0x0000020c38d78000)

Polling page: 0x0000020c28d10000

Metaspace:

Usage:
  Non-class:     46.51 MB used.
      Class:      7.66 MB used.
       Both:     54.17 MB used.

Virtual space:
  Non-class space:       64.00 MB reserved,      46.88 MB ( 73%) committed,  1 nodes.
      Class space:        1.00 GB reserved,       7.94 MB ( <1%) committed,  1 nodes.
             Both:        1.06 GB reserved,      54.81 MB (  5%) committed. 

Chunk freelists:
   Non-Class:  512.00 KB
       Class:  80.00 KB
        Both:  592.00 KB

MaxMetaspaceSize: unlimited
CompressedClassSpaceSize: 1.00 GB
Initial GC threshold: 21.00 MB
Current GC threshold: 54.81 MB
CDS: on
MetaspaceReclaimPolicy: balanced
 - commit_granule_bytes: 65536.
 - commit_granule_words: 8192.
 - virtual_space_node_default_size: 8388608.
 - enlarge_chunks_in_place: 1.
 - new_chunks_are_fully_committed: 0.
 - uncommit_free_chunks: 1.
 - use_allocation_guard: 0.


Internal statistics:

num_allocs_failed_limit: 8.
num_arena_births: 894.
num_arena_deaths: 0.
num_vsnodes_births: 2.
num_vsnodes_deaths: 0.
num_space_committed: 877.
num_space_uncommitted: 0.
num_chunks_returned_to_freelist: 8.
num_chunks_taken_from_freelist: 2849.
num_chunk_merges: 8.
num_chunk_splits: 2065.
num_chunks_enlarged: 1586.
num_inconsistent_stats: 0.

CodeCache: size=49152Kb used=10426Kb max_used=10426Kb free=38725Kb
 bounds [0x0000020c32ea0000, 0x0000020c338d0000, 0x0000020c35ea0000]
 total_blobs=5466 nmethods=4812 adapters=576
 compilation: enabled
              stopped_count=0, restarted_count=0
 full_count=0

Compilation events (20 events):
Event: 3.581 Thread 0x0000020c7ccdc240 nmethod 4823 0x0000020c338c5990 code [0x0000020c338c5b40, 0x0000020c338c5c70]
Event: 3.581 Thread 0x0000020c7ccdc240 4825       1       org.antlr.v4.runtime.atn.LexerATNConfig::hashCode (80 bytes)
Event: 3.581 Thread 0x0000020c7ccd9080 nmethod 4824 0x0000020c338c5d90 code [0x0000020c338c5f60, 0x0000020c338c6280]
Event: 3.581 Thread 0x0000020c7ccdc240 nmethod 4825 0x0000020c338c6490 code [0x0000020c338c6660, 0x0000020c338c6870]
Event: 3.581 Thread 0x0000020c7ccd9080 4826       1       org.antlr.v4.runtime.atn.ATNConfigSet::<init> (6 bytes)
Event: 3.581 Thread 0x0000020c7ccd9080 nmethod 4826 0x0000020c338c6a10 code [0x0000020c338c6ba0, 0x0000020c338c6c80]
Event: 3.581 Thread 0x0000020c7ccdc240 4827       1       org.antlr.v4.runtime.Recognizer::getState (5 bytes)
Event: 3.581 Thread 0x0000020c7ccdc240 nmethod 4827 0x0000020c338c6d10 code [0x0000020c338c6e80, 0x0000020c338c6f48]
Event: 3.583 Thread 0x0000020c7ccdc240 4828       1       org.antlr.v4.runtime.BufferedTokenStream::sync (55 bytes)
Event: 3.583 Thread 0x0000020c7ccd9080 4829       1       org.antlr.v4.runtime.atn.LexerATNSimulator::getReachableConfigSet (210 bytes)
Event: 3.583 Thread 0x0000020c7ccdc240 nmethod 4828 0x0000020c338c7010 code [0x0000020c338c71a0, 0x0000020c338c7320]
Event: 3.583 Thread 0x0000020c7ccdc240 4830       1       org.antlr.v4.runtime.Parser::getTokenStream (5 bytes)
Event: 3.583 Thread 0x0000020c7ccd26c0 4831       1       org.antlr.v4.runtime.BufferedTokenStream::LA (11 bytes)
Event: 3.583 Thread 0x0000020c7ccdc240 nmethod 4830 0x0000020c338c7410 code [0x0000020c338c7580, 0x0000020c338c7648]
Event: 3.583 Thread 0x0000020c7ccd26c0 nmethod 4831 0x0000020c338c7710 code [0x0000020c338c78a0, 0x0000020c338c79c8]
Event: 3.583 Thread 0x0000020c7ccd9080 nmethod 4829 0x0000020c338c7a90 code [0x0000020c338c7cc0, 0x0000020c338c8520]
Event: 3.596 Thread 0x0000020c7ccd26c0 4832       1       java.util.ArrayList::fastRemove (44 bytes)
Event: 3.596 Thread 0x0000020c7ccd9080 4833       1       java.util.ArrayList::remove (26 bytes)
Event: 3.596 Thread 0x0000020c7ccd26c0 nmethod 4832 0x0000020c338c8c10 code [0x0000020c338c8da0, 0x0000020c338c8fa8]
Event: 3.596 Thread 0x0000020c7ccd9080 nmethod 4833 0x0000020c338c9090 code [0x0000020c338c9220, 0x0000020c338c9378]

GC Heap History (20 events):
Event: 0.605 GC heap before
{Heap before GC invocations=0 (full 0):
 garbage-first heap   total 131072K, used 23552K [0x0000000081600000, 0x0000000100000000)
  region size 1024K, 23 young (23552K), 0 survivors (0K)
 Metaspace       used 7840K, committed 8064K, reserved 1114112K
  class space    used 978K, committed 1088K, reserved 1048576K
}
Event: 0.611 GC heap after
{Heap after GC invocations=1 (full 0):
 garbage-first heap   total 131072K, used 7168K [0x0000000081600000, 0x0000000100000000)
  region size 1024K, 3 young (3072K), 3 survivors (3072K)
 Metaspace       used 7840K, committed 8064K, reserved 1114112K
  class space    used 978K, committed 1088K, reserved 1048576K
}
Event: 0.915 GC heap before
{Heap before GC invocations=1 (full 0):
 garbage-first heap   total 131072K, used 34816K [0x0000000081600000, 0x0000000100000000)
  region size 1024K, 31 young (31744K), 3 survivors (3072K)
 Metaspace       used 14717K, committed 15040K, reserved 1114112K
  class space    used 1879K, committed 2048K, reserved 1048576K
}
Event: 0.921 GC heap after
{Heap after GC invocations=2 (full 0):
 garbage-first heap   total 131072K, used 10265K [0x0000000081600000, 0x0000000100000000)
  region size 1024K, 3 young (3072K), 3 survivors (3072K)
 Metaspace       used 14717K, committed 15040K, reserved 1114112K
  class space    used 1879K, committed 2048K, reserved 1048576K
}
Event: 1.301 GC heap before
{Heap before GC invocations=2 (full 0):
 garbage-first heap   total 131072K, used 42009K [0x0000000081600000, 0x0000000100000000)
  region size 1024K, 35 young (35840K), 3 survivors (3072K)
 Metaspace       used 19646K, committed 19968K, reserved 1114112K
  class space    used 2567K, committed 2688K, reserved 1048576K
}
Event: 1.307 GC heap after
{Heap after GC invocations=3 (full 0):
 garbage-first heap   total 131072K, used 12628K [0x0000000081600000, 0x0000000100000000)
  region size 1024K, 5 young (5120K), 5 survivors (5120K)
 Metaspace       used 19646K, committed 19968K, reserved 1114112K
  class space    used 2567K, committed 2688K, reserved 1048576K
}
Event: 1.603 GC heap before
{Heap before GC invocations=4 (full 0):
 garbage-first heap   total 48128K, used 36180K [0x0000000081600000, 0x0000000100000000)
  region size 1024K, 28 young (28672K), 5 survivors (5120K)
 Metaspace       used 23111K, committed 23616K, reserved 1114112K
  class space    used 3089K, committed 3328K, reserved 1048576K
}
Event: 1.611 GC heap after
{Heap after GC invocations=5 (full 0):
 garbage-first heap   total 48128K, used 14493K [0x0000000081600000, 0x0000000100000000)
  region size 1024K, 2 young (2048K), 2 survivors (2048K)
 Metaspace       used 23111K, committed 23616K, reserved 1114112K
  class space    used 3089K, committed 3328K, reserved 1048576K
}
Event: 1.897 GC heap before
{Heap before GC invocations=5 (full 0):
 garbage-first heap   total 48128K, used 35997K [0x0000000081600000, 0x0000000100000000)
  region size 1024K, 23 young (23552K), 2 survivors (2048K)
 Metaspace       used 27164K, committed 27712K, reserved 1114112K
  class space    used 3660K, committed 3904K, reserved 1048576K
}
Event: 1.902 GC heap after
{Heap after GC invocations=6 (full 0):
 garbage-first heap   total 58368K, used 17072K [0x0000000081600000, 0x0000000100000000)
  region size 1024K, 3 young (3072K), 3 survivors (3072K)
 Metaspace       used 27164K, committed 27712K, reserved 1114112K
  class space    used 3660K, committed 3904K, reserved 1048576K
}
Event: 2.256 GC heap before
{Heap before GC invocations=6 (full 0):
 garbage-first heap   total 58368K, used 41648K [0x0000000081600000, 0x0000000100000000)
  region size 1024K, 29 young (29696K), 3 survivors (3072K)
 Metaspace       used 32762K, committed 33280K, reserved 1114112K
  class space    used 4463K, committed 4672K, reserved 1048576K
}
Event: 2.260 GC heap after
{Heap after GC invocations=7 (full 0):
 garbage-first heap   total 58368K, used 18865K [0x0000000081600000, 0x0000000100000000)
  region size 1024K, 2 young (2048K), 2 survivors (2048K)
 Metaspace       used 32762K, committed 33280K, reserved 1114112K
  class space    used 4463K, committed 4672K, reserved 1048576K
}
Event: 2.718 GC heap before
{Heap before GC invocations=8 (full 0):
 garbage-first heap   total 58368K, used 47537K [0x0000000081600000, 0x0000000100000000)
  region size 1024K, 30 young (30720K), 2 survivors (2048K)
 Metaspace       used 41044K, committed 41728K, reserved 1114112K
  class space    used 5568K, committed 5888K, reserved 1048576K
}
Event: 2.721 GC heap after
{Heap after GC invocations=9 (full 0):
 garbage-first heap   total 58368K, used 20592K [0x0000000081600000, 0x0000000100000000)
  region size 1024K, 4 young (4096K), 4 survivors (4096K)
 Metaspace       used 41044K, committed 41728K, reserved 1114112K
  class space    used 5568K, committed 5888K, reserved 1048576K
}
Event: 3.215 GC heap before
{Heap before GC invocations=9 (full 0):
 garbage-first heap   total 58368K, used 48240K [0x0000000081600000, 0x0000000100000000)
  region size 1024K, 31 young (31744K), 4 survivors (4096K)
 Metaspace       used 48690K, committed 49408K, reserved 1114112K
  class space    used 6834K, committed 7168K, reserved 1048576K
}
Event: 3.218 GC heap after
{Heap after GC invocations=10 (full 0):
 garbage-first heap   total 58368K, used 21584K [0x0000000081600000, 0x0000000100000000)
  region size 1024K, 4 young (4096K), 4 survivors (4096K)
 Metaspace       used 48690K, committed 49408K, reserved 1114112K
  class space    used 6834K, committed 7168K, reserved 1048576K
}
Event: 3.509 GC heap before
{Heap before GC invocations=10 (full 0):
 garbage-first heap   total 58368K, used 49232K [0x0000000081600000, 0x0000000100000000)
  region size 1024K, 31 young (31744K), 4 survivors (4096K)
 Metaspace       used 53883K, committed 54592K, reserved 1114112K
  class space    used 7557K, committed 7872K, reserved 1048576K
}
Event: 3.513 GC heap after
{Heap after GC invocations=11 (full 0):
 garbage-first heap   total 58368K, used 23983K [0x0000000081600000, 0x0000000100000000)
  region size 1024K, 4 young (4096K), 4 survivors (4096K)
 Metaspace       used 53883K, committed 54592K, reserved 1114112K
  class space    used 7557K, committed 7872K, reserved 1048576K
}
Event: 3.589 GC heap before
{Heap before GC invocations=11 (full 0):
 garbage-first heap   total 58368K, used 37295K [0x0000000081600000, 0x0000000100000000)
  region size 1024K, 19 young (19456K), 4 survivors (4096K)
 Metaspace       used 55116K, committed 55808K, reserved 1114112K
  class space    used 7805K, committed 8064K, reserved 1048576K
}
Event: 3.592 GC heap after
{Heap after GC invocations=12 (full 0):
 garbage-first heap   total 58368K, used 25174K [0x0000000081600000, 0x0000000100000000)
  region size 1024K, 2 young (2048K), 2 survivors (2048K)
 Metaspace       used 55116K, committed 55808K, reserved 1114112K
  class space    used 7805K, committed 8064K, reserved 1048576K
}

Dll operation events (14 events):
Event: 0.008 Loaded shared library C:\Program Files\Java\jdk-20\bin\java.dll
Event: 0.026 Loaded shared library C:\Program Files\Java\jdk-20\bin\jsvml.dll
Event: 0.101 Loaded shared library C:\Program Files\Java\jdk-20\bin\zip.dll
Event: 0.103 Loaded shared library C:\Program Files\Java\jdk-20\bin\instrument.dll
Event: 0.107 Loaded shared library C:\Program Files\Java\jdk-20\bin\net.dll
Event: 0.108 Loaded shared library C:\Program Files\Java\jdk-20\bin\nio.dll
Event: 0.110 Loaded shared library C:\Program Files\Java\jdk-20\bin\zip.dll
Event: 0.178 Loaded shared library D:\Desenvolvimento\Intellij\IntelliJ IDEA 2023.2\bin\breakgen64.dll
Event: 0.183 Loaded shared library C:\Program Files\Java\jdk-20\bin\jimage.dll
Event: 0.184 Loaded shared library C:\Program Files\Java\jdk-20\bin\extnet.dll
Event: 0.198 Loaded shared library C:\Program Files\Java\jdk-20\bin\management.dll
Event: 0.211 Loaded shared library C:\Program Files\Java\jdk-20\bin\management_ext.dll
Event: 1.923 Loaded shared library C:\Program Files\Java\jdk-20\bin\sunmscapi.dll
Event: 2.240 Loaded shared library C:\Program Files\Java\jdk-20\bin\verify.dll

Deoptimization events (10 events):
Event: 0.307 Thread 0x0000020c2adc4880 DEOPT PACKING pc=0x0000020c332864dd sp=0x0000001b1aefd500
Event: 0.307 Thread 0x0000020c2adc4880 DEOPT UNPACKING pc=0x0000020c32f0a4c2 sp=0x0000001b1aefc9b0 mode 3
Event: 0.316 Thread 0x0000020c2adc4880 DEOPT PACKING pc=0x0000020c3329dbe0 sp=0x0000001b1aefd4d0
Event: 0.316 Thread 0x0000020c2adc4880 DEOPT UNPACKING pc=0x0000020c32f0a4c2 sp=0x0000001b1aefc988 mode 3
Event: 0.888 Thread 0x0000020c2adc4880 DEOPT PACKING pc=0x0000020c3349dc79 sp=0x0000001b1aefd7e0
Event: 0.888 Thread 0x0000020c2adc4880 DEOPT UNPACKING pc=0x0000020c32f0a4c2 sp=0x0000001b1aefccc0 mode 3
Event: 1.971 Thread 0x0000020c2adc4880 DEOPT PACKING pc=0x0000020c3371286d sp=0x0000001b1aefc8d0
Event: 1.971 Thread 0x0000020c2adc4880 DEOPT UNPACKING pc=0x0000020c32f0a4c2 sp=0x0000001b1aefbe38 mode 3
Event: 3.419 Thread 0x0000020c2adc4880 DEOPT PACKING pc=0x0000020c334e2d94 sp=0x0000001b1aefbc10
Event: 3.419 Thread 0x0000020c2adc4880 DEOPT UNPACKING pc=0x0000020c32f0a4c2 sp=0x0000001b1aefb168 mode 0

Classes loaded (20 events):
Event: 3.466 Loading class java/util/stream/ReduceOps$5
Event: 3.466 Loading class java/util/stream/ReduceOps$5 done
Event: 3.466 Loading class java/util/stream/ReduceOps$CountingSink$OfRef
Event: 3.466 Loading class java/util/stream/ReduceOps$CountingSink$OfRef done
Event: 3.475 Loading class java/util/regex/Pattern$Bound
Event: 3.475 Loading class java/util/regex/Pattern$Bound done
Event: 3.475 Loading class java/util/regex/Pattern$SliceI
Event: 3.475 Loading class java/util/regex/Pattern$SliceI done
Event: 3.476 Loading class java/util/regex/Pattern$LookBehindEndNode
Event: 3.476 Loading class java/util/regex/Pattern$LookBehindEndNode done
Event: 3.476 Loading class java/util/regex/Pattern$NotBehind
Event: 3.476 Loading class java/util/regex/Pattern$NotBehind done
Event: 3.476 Loading class java/util/regex/Pattern$Behind
Event: 3.476 Loading class java/util/regex/Pattern$Behind done
Event: 3.479 Loading class java/util/regex/Pattern$1
Event: 3.479 Loading class java/util/regex/Pattern$1 done
Event: 3.490 Loading class java/util/EmptyStackException
Event: 3.490 Loading class java/util/EmptyStackException done
Event: 3.494 Loading class java/io/InvalidClassException
Event: 3.494 Loading class java/io/InvalidClassException done

Classes unloaded (0 events):
No events

Classes redefined (0 events):
No events

Internal exceptions (20 events):
Event: 2.442 Thread 0x0000020c2adc4880 Exception <a 'sun/nio/fs/WindowsException'{0x000000008458f310}> (0x000000008458f310) 
thrown [s\open\src\hotspot\share\prims\jni.cpp, line 519]
Event: 2.553 Thread 0x0000020c2adc4880 Exception <a 'java/lang/NoSuchMethodError'{0x0000000083e985c0}: 'java.lang.Object java.lang.invoke.DirectMethodHandle$Holder.invokeStaticInit(java.lang.Object, java.lang.Object, java.lang.Object, java.lang.Object)'> (0x0000000083e985c0) 
thrown [s\open\src\hotspot\share\interpreter\linkResolver.cpp, line 773]
Event: 2.685 Thread 0x0000020c2adc4880 Exception <a 'java/lang/NoSuchMethodError'{0x00000000835adec0}: 'java.lang.Object java.lang.invoke.DirectMethodHandle$Holder.invokeSpecial(java.lang.Object, java.lang.Object, java.lang.Object, long, long)'> (0x00000000835adec0) 
thrown [s\open\src\hotspot\share\interpreter\linkResolver.cpp, line 773]
Event: 2.768 Thread 0x0000020c2adc4880 Exception <a 'java/lang/IncompatibleClassChangeError'{0x0000000087042080}: Found class java.lang.Object, but interface was expected> (0x0000000087042080) 
thrown [s\open\src\hotspot\share\interpreter\linkResolver.cpp, line 840]
Event: 2.781 Thread 0x0000020c2adc4880 Exception <a 'java/lang/NoSuchMethodError'{0x00000000870f4970}: 'java.lang.Object java.lang.invoke.DirectMethodHandle$Holder.invokeStatic(java.lang.Object, java.lang.Object, int, java.lang.Object)'> (0x00000000870f4970) 
thrown [s\open\src\hotspot\share\interpreter\linkResolver.cpp, line 773]
Event: 2.781 Thread 0x0000020c2adc4880 Exception <a 'java/lang/NoSuchMethodError'{0x00000000870f8168}: 'java.lang.Object java.lang.invoke.DirectMethodHandle$Holder.invokeStaticInit(java.lang.Object, java.lang.Object, int, java.lang.Object)'> (0x00000000870f8168) 
thrown [s\open\src\hotspot\share\interpreter\linkResolver.cpp, line 773]
Event: 3.188 Thread 0x0000020c2adc4880 Exception <a 'java/lang/NoSuchMethodError'{0x00000000836ede40}: 'void java.lang.invoke.DirectMethodHandle$Holder.invokeInterface(java.lang.Object, java.lang.Object, int, java.lang.Object)'> (0x00000000836ede40) 
thrown [s\open\src\hotspot\share\interpreter\linkResolver.cpp, line 773]
Event: 3.189 Thread 0x0000020c2adc4880 Exception <a 'java/lang/NoSuchMethodError'{0x000000008351bfa0}: 'java.lang.Object java.lang.invoke.DirectMethodHandle$Holder.newInvokeSpecial(java.lang.Object, java.lang.Object, int, java.lang.Object)'> (0x000000008351bfa0) 
thrown [s\open\src\hotspot\share\interpreter\linkResolver.cpp, line 773]
Event: 3.190 Thread 0x0000020c2adc4880 Exception <a 'java/lang/NoSuchMethodError'{0x000000008351f900}: 'java.lang.Object java.lang.invoke.Invokers$Holder.linkToTargetMethod(java.lang.Object, int, java.lang.Object, java.lang.Object)'> (0x000000008351f900) 
thrown [s\open\src\hotspot\share\interpreter\linkResolver.cpp, line 773]
Event: 3.213 Thread 0x0000020c2adc4880 Exception <a 'java/lang/NoSuchMethodError'{0x00000000834db578}: 'int java.lang.invoke.DirectMethodHandle$Holder.invokeStatic(java.lang.Object, int, java.lang.Object)'> (0x00000000834db578) 
thrown [s\open\src\hotspot\share\interpreter\linkResolver.cpp, line 773]
Event: 3.214 Thread 0x0000020c2adc4880 Exception <a 'java/lang/NoSuchMethodError'{0x00000000834f6ba8}: 'java.lang.Object java.lang.invoke.DirectMethodHandle$Holder.newInvokeSpecial(java.lang.Object, java.lang.Object, java.lang.Object, java.lang.Object, java.lang.Object, int)'> (0x00000000834f6ba8) 
thrown [s\open\src\hotspot\share\interpreter\linkResolver.cpp, line 773]
Event: 3.214 Thread 0x0000020c2adc4880 Exception <a 'java/lang/NoSuchMethodError'{0x00000000834fa9f8}: 'java.lang.Object java.lang.invoke.Invokers$Holder.linkToTargetMethod(java.lang.Object, java.lang.Object, java.lang.Object, java.lang.Object, int, java.lang.Object)'> (0x00000000834fa9f8) 
thrown [s\open\src\hotspot\share\interpreter\linkResolver.cpp, line 773]
Event: 3.239 Thread 0x0000020c2adc4880 Exception <a 'java/lang/NoSuchMethodError'{0x0000000087299358}: 'java.lang.Object java.lang.invoke.DirectMethodHandle$Holder.newInvokeSpecial(java.lang.Object, java.lang.Object, java.lang.Object, java.lang.Object, java.lang.Object, java.lang.Object)'> (0x0000000087299358) 
thrown [s\open\src\hotspot\share\interpreter\linkResolver.cpp, line 773]
Event: 3.244 Thread 0x0000020c2adc4880 Exception <a 'java/lang/NoSuchMethodError'{0x00000000872ff998}: 'java.lang.Object java.lang.invoke.DirectMethodHandle$Holder.newInvokeSpecial(java.lang.Object, java.lang.Object, java.lang.Object, java.lang.Object, java.lang.Object, java.lang.Object, java.lang.Object, int)'> (0x00000000872ff998) 
thrown [s\open\src\hotspot\share\interpreter\linkResolver.cpp, line 773]
Event: 3.244 Thread 0x0000020c2adc4880 Exception <a 'java/lang/NoSuchMethodError'{0x0000000087103f40}: 'java.lang.Object java.lang.invoke.DirectMethodHandle$Holder.invokeSpecial(java.lang.Object, java.lang.Object, java.lang.Object, java.lang.Object, java.lang.Object, java.lang.Object, java.lang.Object, java.lang.Object, int)'> (0x0000000087103f40) 
thrown [s\open\src\hotspot\share\interpreter\linkResolver.cpp, line 773]
Event: 3.320 Thread 0x0000020c2adc4880 Exception <a 'java/lang/NoSuchMethodError'{0x00000000848db4a0}: 'void java.lang.invoke.Invokers$Holder.invokeExact_MT(java.lang.Object, java.lang.Object, java.lang.Object, java.lang.Object)'> (0x00000000848db4a0) 
thrown [s\open\src\hotspot\share\interpreter\linkResolver.cpp, line 773]
Event: 3.347 Thread 0x0000020c2adc4880 Exception <a 'java/lang/IncompatibleClassChangeError'{0x0000000084428548}: Found class java.lang.Object, but interface was expected> (0x0000000084428548) 
thrown [s\open\src\hotspot\share\interpreter\linkResolver.cpp, line 840]
Event: 3.352 Thread 0x0000020c2adc4880 Exception <a 'java/lang/IncompatibleClassChangeError'{0x00000000844c2f28}: Found class java.lang.Object, but interface was expected> (0x00000000844c2f28) 
thrown [s\open\src\hotspot\share\interpreter\linkResolver.cpp, line 840]
Event: 3.368 Thread 0x0000020c2adc4880 Exception <a 'java/lang/IncompatibleClassChangeError'{0x00000000842284a8}: Found class java.lang.Object, but interface was expected> (0x00000000842284a8) 
thrown [s\open\src\hotspot\share\interpreter\linkResolver.cpp, line 840]
Event: 3.439 Thread 0x0000020c2adc4880 Exception <a 'java/lang/IncompatibleClassChangeError'{0x0000000083c731b8}: Found class java.lang.Object, but interface was expected> (0x0000000083c731b8) 
thrown [s\open\src\hotspot\share\interpreter\linkResolver.cpp, line 840]

VM Operations (20 events):
Event: 3.118 Executing VM operation: HandshakeAllThreads
Event: 3.118 Executing VM operation: HandshakeAllThreads done
Event: 3.170 Executing VM operation: ICBufferFull
Event: 3.170 Executing VM operation: ICBufferFull done
Event: 3.215 Executing VM operation: G1CollectForAllocation
Event: 3.218 Executing VM operation: G1CollectForAllocation done
Event: 3.419 Executing VM operation: HandshakeAllThreads
Event: 3.419 Executing VM operation: HandshakeAllThreads done
Event: 3.458 Executing VM operation: HandshakeAllThreads
Event: 3.458 Executing VM operation: HandshakeAllThreads done
Event: 3.459 Executing VM operation: HandshakeAllThreads
Event: 3.459 Executing VM operation: HandshakeAllThreads done
Event: 3.502 Executing VM operation: HandshakeAllThreads
Event: 3.502 Executing VM operation: HandshakeAllThreads done
Event: 3.509 Executing VM operation: G1CollectForAllocation
Event: 3.513 Executing VM operation: G1CollectForAllocation done
Event: 3.576 Executing VM operation: HandshakeAllThreads
Event: 3.576 Executing VM operation: HandshakeAllThreads done
Event: 3.589 Executing VM operation: CollectForMetadataAllocation
Event: 3.592 Executing VM operation: CollectForMetadataAllocation done

Events (20 events):
Event: 2.267 Thread 0x0000020c3ba515c0 flushing nmethod 0x0000020c331f8510
Event: 2.267 Thread 0x0000020c3ba515c0 flushing nmethod 0x0000020c331f7590
Event: 2.267 Thread 0x0000020c3ba515c0 flushing nmethod 0x0000020c331f7090
Event: 2.267 Thread 0x0000020c3ba515c0 flushing nmethod 0x0000020c331f6890
Event: 2.267 Thread 0x0000020c3ba515c0 flushing nmethod 0x0000020c331f6510
Event: 2.267 Thread 0x0000020c3ba515c0 flushing nmethod 0x0000020c3320e490
Event: 2.267 Thread 0x0000020c3ba515c0 flushing nmethod 0x0000020c331dce10
Event: 2.267 Thread 0x0000020c3ba515c0 flushing nmethod 0x0000020c331e2a10
Event: 2.267 Thread 0x0000020c3ba515c0 flushing nmethod 0x0000020c331cff10
Event: 2.267 Thread 0x0000020c3ba515c0 flushing nmethod 0x0000020c331cfc10
Event: 2.267 Thread 0x0000020c3ba515c0 flushing nmethod 0x0000020c331a0b10
Event: 2.267 Thread 0x0000020c3ba515c0 flushing nmethod 0x0000020c331bf710
Event: 2.267 Thread 0x0000020c3ba515c0 flushing nmethod 0x0000020c32ff3090
Event: 2.489 Thread 0x0000020c7e6ca070 Thread added: 0x0000020c7e6ca070
Event: 2.500 Thread 0x0000020c7e6cc050 Thread added: 0x0000020c7e6cc050
Event: 2.616 Thread 0x0000020c7e6ca5c0 Thread added: 0x0000020c7e6ca5c0
Event: 2.724 Thread 0x0000020c7e6cb060 Thread added: 0x0000020c7e6cb060
Event: 2.726 Thread 0x0000020c7e6cb060 Thread exited: 0x0000020c7e6cb060
Event: 3.228 Thread 0x0000020c7e6c9080 Thread added: 0x0000020c7e6c9080
Event: 3.230 Thread 0x0000020c7e6c9080 Thread exited: 0x0000020c7e6c9080


Dynamic libraries:
0x00007ff7b3130000 - 0x00007ff7b3140000 	C:\Program Files\Java\jdk-20\bin\java.exe
0x00007ffd39dd0000 - 0x00007ffd39fc8000 	C:\Windows\SYSTEM32\ntdll.dll
0x00007ffd38310000 - 0x00007ffd383cf000 	C:\Windows\System32\KERNEL32.DLL
0x00007ffd37680000 - 0x00007ffd37976000 	C:\Windows\System32\KERNELBASE.dll
0x00007ffd374b0000 - 0x00007ffd375b0000 	C:\Windows\System32\ucrtbase.dll
0x00007ffd2dcd0000 - 0x00007ffd2dceb000 	C:\Program Files\Java\jdk-20\bin\VCRUNTIME140.dll
0x00007ffd2dcf0000 - 0x00007ffd2dd09000 	C:\Program Files\Java\jdk-20\bin\jli.dll
0x00007ffd383d0000 - 0x00007ffd3847f000 	C:\Windows\System32\ADVAPI32.dll
0x00007ffd38d20000 - 0x00007ffd38dbe000 	C:\Windows\System32\msvcrt.dll
0x00007ffd38180000 - 0x00007ffd3821c000 	C:\Windows\System32\sechost.dll
0x00007ffd37f10000 - 0x00007ffd38036000 	C:\Windows\System32\RPCRT4.dll
0x00007ffd38730000 - 0x00007ffd388cd000 	C:\Windows\System32\USER32.dll
0x00007ffd37650000 - 0x00007ffd37672000 	C:\Windows\System32\win32u.dll
0x00007ffd2c6d0000 - 0x00007ffd2c96a000 	C:\Windows\WinSxS\amd64_microsoft.windows.common-controls_6595b64144ccf1df_6.0.19041.1110_none_60b5254171f9507e\COMCTL32.dll
0x00007ffd393e0000 - 0x00007ffd3940c000 	C:\Windows\System32\GDI32.dll
0x00007ffd37980000 - 0x00007ffd37a95000 	C:\Windows\System32\gdi32full.dll
0x00007ffd375b0000 - 0x00007ffd3764d000 	C:\Windows\System32\msvcp_win.dll
0x00007ffd31740000 - 0x00007ffd3174a000 	C:\Windows\SYSTEM32\VERSION.dll
0x00007ffd382e0000 - 0x00007ffd38310000 	C:\Windows\System32\IMM32.DLL
0x00007ffd34ba0000 - 0x00007ffd34bac000 	C:\Program Files\Java\jdk-20\bin\vcruntime140_1.dll
0x00007ffd0c640000 - 0x00007ffd0c6ce000 	C:\Program Files\Java\jdk-20\bin\msvcp140.dll
0x00007ffcd25b0000 - 0x00007ffcd3248000 	C:\Program Files\Java\jdk-20\bin\server\jvm.dll
0x00007ffd34b90000 - 0x00007ffd34b99000 	C:\Windows\SYSTEM32\WSOCK32.dll
0x00007ffd29e40000 - 0x00007ffd29e67000 	C:\Windows\SYSTEM32\WINMM.dll
0x00007ffd38cb0000 - 0x00007ffd38d1b000 	C:\Windows\System32\WS2_32.dll
0x00007ffd35250000 - 0x00007ffd35262000 	C:\Windows\SYSTEM32\kernel.appcore.dll
0x00007ffd2dcc0000 - 0x00007ffd2dcca000 	C:\Program Files\Java\jdk-20\bin\jimage.dll
0x00007ffd294d0000 - 0x00007ffd296b4000 	C:\Windows\SYSTEM32\DBGHELP.DLL
0x00007ffd1f340000 - 0x00007ffd1f374000 	C:\Windows\SYSTEM32\dbgcore.DLL
0x00007ffd37ad0000 - 0x00007ffd37b52000 	C:\Windows\System32\bcryptPrimitives.dll
0x00007ffd2f190000 - 0x00007ffd2f19e000 	C:\Program Files\Java\jdk-20\bin\instrument.dll
0x00007ffd14140000 - 0x00007ffd14166000 	C:\Program Files\Java\jdk-20\bin\java.dll
0x00007ffd0c560000 - 0x00007ffd0c637000 	C:\Program Files\Java\jdk-20\bin\jsvml.dll
0x00007ffd39410000 - 0x00007ffd39b54000 	C:\Windows\System32\SHELL32.dll
0x00007ffd35530000 - 0x00007ffd35cc3000 	C:\Windows\SYSTEM32\windows.storage.dll
0x00007ffd38940000 - 0x00007ffd38c94000 	C:\Windows\System32\combase.dll
0x00007ffd36d40000 - 0x00007ffd36d6e000 	C:\Windows\SYSTEM32\Wldp.dll
0x00007ffd39ce0000 - 0x00007ffd39d8d000 	C:\Windows\System32\SHCORE.dll
0x00007ffd388e0000 - 0x00007ffd38935000 	C:\Windows\System32\shlwapi.dll
0x00007ffd373e0000 - 0x00007ffd37405000 	C:\Windows\SYSTEM32\profapi.dll
0x00007ffd0e590000 - 0x00007ffd0e5a8000 	C:\Program Files\Java\jdk-20\bin\zip.dll
0x00007ffd15210000 - 0x00007ffd15223000 	C:\Program Files\Java\jdk-20\bin\net.dll
0x00007ffd31890000 - 0x00007ffd3199a000 	C:\Windows\SYSTEM32\WINHTTP.dll
0x00007ffd36b20000 - 0x00007ffd36b8a000 	C:\Windows\system32\mswsock.dll
0x00007ffd14330000 - 0x00007ffd14346000 	C:\Program Files\Java\jdk-20\bin\nio.dll
0x00007ffd2dff0000 - 0x00007ffd2e00a000 	D:\Desenvolvimento\Intellij\IntelliJ IDEA 2023.2\bin\breakgen64.dll
0x00007ffd2dcb0000 - 0x00007ffd2dcb7000 	C:\Program Files\Java\jdk-20\bin\extnet.dll
0x00007ffd36870000 - 0x00007ffd3693a000 	C:\Windows\SYSTEM32\DNSAPI.dll
0x00007ffd36830000 - 0x00007ffd3686b000 	C:\Windows\SYSTEM32\IPHLPAPI.DLL
0x00007ffd388d0000 - 0x00007ffd388d8000 	C:\Windows\System32\NSI.dll
0x00007ffd30820000 - 0x00007ffd3082a000 	C:\Windows\System32\rasadhlp.dll
0x00007ffd30700000 - 0x00007ffd30782000 	C:\Windows\System32\fwpuclnt.dll
0x00007ffd37aa0000 - 0x00007ffd37ac7000 	C:\Windows\System32\bcrypt.dll
0x00007ffd2dfe0000 - 0x00007ffd2dfea000 	C:\Program Files\Java\jdk-20\bin\management.dll
0x00007ffd2dfd0000 - 0x00007ffd2dfdb000 	C:\Program Files\Java\jdk-20\bin\management_ext.dll
0x00007ffd38170000 - 0x00007ffd38178000 	C:\Windows\System32\PSAPI.DLL
0x00007ffd36d80000 - 0x00007ffd36d98000 	C:\Windows\SYSTEM32\CRYPTSP.dll
0x00007ffd36450000 - 0x00007ffd36484000 	C:\Windows\system32\rsaenh.dll
0x00007ffd373a0000 - 0x00007ffd373ce000 	C:\Windows\SYSTEM32\USERENV.dll
0x00007ffd36cb0000 - 0x00007ffd36cbc000 	C:\Windows\SYSTEM32\CRYPTBASE.dll
0x00007ffd31ee0000 - 0x00007ffd31ef7000 	C:\Windows\SYSTEM32\dhcpcsvc6.DLL
0x00007ffd31ec0000 - 0x00007ffd31edd000 	C:\Windows\SYSTEM32\dhcpcsvc.DLL
0x00007ffd143b0000 - 0x00007ffd143c7000 	C:\Windows\system32\napinsp.dll
0x00007ffd14390000 - 0x00007ffd143ab000 	C:\Windows\system32\pnrpnsp.dll
0x00007ffd14310000 - 0x00007ffd14325000 	C:\Windows\system32\wshbth.dll
0x00007ffd32e00000 - 0x00007ffd32e1d000 	C:\Windows\system32\NLAapi.dll
0x00007ffd142d0000 - 0x00007ffd142e2000 	C:\Windows\System32\winrnr.dll
0x00007ffd2dfc0000 - 0x00007ffd2dfce000 	C:\Program Files\Java\jdk-20\bin\sunmscapi.dll
0x00007ffd37c60000 - 0x00007ffd37dbe000 	C:\Windows\System32\CRYPT32.dll
0x00007ffd36e90000 - 0x00007ffd36eb8000 	C:\Windows\SYSTEM32\ncrypt.dll
0x00007ffd36e50000 - 0x00007ffd36e8b000 	C:\Windows\SYSTEM32\NTASN1.dll
0x00007ffd199f0000 - 0x00007ffd19a00000 	C:\Program Files\Java\jdk-20\bin\verify.dll

dbghelp: loaded successfully - version: 4.0.5 - missing functions: none
symbol engine: initialized successfully - sym options: 0x614 - pdb path: .;C:\Program Files\Java\jdk-20\bin;C:\Windows\SYSTEM32;C:\Windows\WinSxS\amd64_microsoft.windows.common-controls_6595b64144ccf1df_6.0.19041.1110_none_60b5254171f9507e;C:\Program Files\Java\jdk-20\bin\server;D:\Desenvolvimento\Intellij\IntelliJ IDEA 2023.2\bin

VM Arguments:
jvm_args: -XX:TieredStopAtLevel=1 -Dspring.output.ansi.enabled=always -Dcom.sun.management.jmxremote -Dspring.jmx.enabled=true -Dspring.liveBeansView.mbeanDomain -Dspring.application.admin.enabled=true -Dmanagement.endpoints.jmx.exposure.include=* -javaagent:D:\Desenvolvimento\Intellij\IntelliJ IDEA 2023.2\lib\idea_rt.jar=52649:D:\Desenvolvimento\Intellij\IntelliJ IDEA 2023.2\bin -Dfile.encoding=UTF-8 -Dsun.stdout.encoding=UTF-8 -Dsun.stderr.encoding=UTF-8 
java_command: com.challenge.vote.voting.session.VotingSessionApplication
java_class_path (initial): D:\Projetos\Voting Session\voting-session\voting-session\target\classes;C:\Users\uSER\.m2\repository\org\springframework\boot\spring-boot-starter-data-jpa\3.1.3\spring-boot-starter-data-jpa-3.1.3.jar;C:\Users\uSER\.m2\repository\org\springframework\boot\spring-boot-starter-aop\3.1.3\spring-boot-starter-aop-3.1.3.jar;C:\Users\uSER\.m2\repository\org\springframework\spring-aop\6.0.11\spring-aop-6.0.11.jar;C:\Users\uSER\.m2\repository\org\aspectj\aspectjweaver\1.9.20\aspectjweaver-1.9.20.jar;C:\Users\uSER\.m2\repository\org\springframework\boot\spring-boot-starter-jdbc\3.1.3\spring-boot-starter-jdbc-3.1.3.jar;C:\Users\uSER\.m2\repository\com\zaxxer\HikariCP\5.0.1\HikariCP-5.0.1.jar;C:\Users\uSER\.m2\repository\org\springframework\spring-jdbc\6.0.11\spring-jdbc-6.0.11.jar;C:\Users\uSER\.m2\repository\org\hibernate\orm\hibernate-core\6.2.7.Final\hibernate-core-6.2.7.Final.jar;C:\Users\uSER\.m2\repository\jakarta\persistence\jakarta.persistence-api\3.1.0\jakarta.persistence-api-3.1.0.jar;C:\Users\uSER\.m2\repository\jakarta\transaction\jakarta.transaction-api\2.0.1\jakarta.transaction-api-2.0.1.jar;C:\Users\uSER\.m2\repository\org\jboss\logging\jboss-logging\3.5.3.Final\jboss-logging-3.5.3.Final.jar;C:\Users\uSER\.m2\repository\org\hibernate\common\hibernate-commons-annotations\6.0.6.Final\hibernate-commons-annotations-6.0.6.Final.jar;C:\Users\uSER\.m2\repository\io\smallrye\jandex\3.0.5\jandex-3.0.5.jar;C:\Users\uSER\.m2\repository\com\fasterxml\classmate\1.5.1\classmate-1.5.1.jar;C:\Users\uSER\.m2\repository\net\bytebuddy\byte-buddy\1.14.6\byte-buddy-1.14.6.jar;C:\Users\uSER\.m2\repository\org\glassfish\jaxb\jaxb-runtime\4.0.3\jaxb-runtime-4.0.3.jar;C:\Users\uSER\.m2\repository\org\glassfish\jaxb\jaxb-core\4.0.3\jaxb-core-4.0.3.jar;C:\Users\uSER\.m2\repository\org\eclipse\angus\angus-activation\2.0.1\angus-activation-2.0.1.jar;C:\Users\uSER\.m2\repository\org\glassfish\jaxb\txw2\4.0.3\txw2-4.0.3.jar;C:\Users\uSER\.m2\repository\com\sun\istack\istack-commons-runtime\4.1.2\istack-commons-runtime-4.1.2.jar;C:\Users\uSER\.m2\repository\jakarta\inject\jakarta.inject-api\2.0.1\jakarta.inject-api-2.0.1.jar;C:\Users\uSER\.m2\repository\org\antlr\antlr4-runtime\4.10.1\antlr4-runtime-4.10.1.jar;C:\Users\uSER\.m2\repository\org\springframework\data\spring-data-jpa\3.1.3\spring-data-jpa-3.1.3.jar;C:\Users\uSER\.m2\repository\org\springframework\data\spring-data-commons\3.1.3\spring-data-commons-3.1.3.jar;C:\Users\uSER\.m2\repository\org\springframework\spring-orm\6.0.11\spring-orm-6.0.11.jar;C:\Users\uSER\.m2\repository\org\springframework\spring-context\6.0.11\spring-context-6.0.11.jar;C:\Users\uSER\.m2\repository\org\springframework\spring-tx\6.0.11\spring-tx-6.0.11.jar;C:\Users\uSER\.m2\repository\org\springframework\spring-beans\6.0.11\spring-beans-6.0.11.jar;C:\Users\uSER\.m2\repository\jakarta\annotation\jakarta.annotation-api\2.1.1\jakarta.annotation-api-2.1.1.jar;C:\Users\uSER\.m2\repository\org\slf4j\slf4j-api\2.0.7\slf4j-api-2.0.7.jar;C:\Users\uSER\.m2\repository\org\springframework\spring-aspects\6.0.11\spring-aspects-6.0.11.jar;C:\Users\uSER\.m2\repository\org\springframework\boot\spring-boot-starter-web\3.1.3\spring-boot-starter-web-3.1.3.jar;C:\Users\uSER\.m2\repository\org\springframework\boot\spring-boot-starter\3.1.3\spring-boot-starter-3.1.3.jar;C:\Users\uSER\.m2\repository\org\springframework\boot\spring-boot\3.1.3\spring-boot-3.1.3.jar;C:\Users\uSER\.m2\repository\org\springframework\boot\spring-boot-autoconfigure\3.1.3\spring-boot-autoconfigure-3.1.3.jar;C:\Users\uSER\.m2\repository\org\springframework\boot\spring-boot-starter-logging\3.1.3\spring-boot-starter-logging-3.1.3.jar;C:\Users\uSER\.m2\repository\ch\qos\logback\logback-classic\1.4.11\logback-classic-1.4.11.jar;C:\Users\uSER\.m2\repository\ch\qos\logback\logback-core\1.4.11\logback-core-1.4.11.jar;C:\Users\uSER\.m2\repository\org\apache\logging\log4j\log4j-to-slf4j\2.20.0\log4j-to-slf4j-2.20.0.jar;C:\Users\uSER\.m2\repository\org\apache\logging\log4j\log4j-api\2.20.0\log4j-api-2.20.0.jar;C:\Users\uSER\.m2\repository\org\slf4j\jul-to-slf4j\2.0.7\jul-to-slf4j-2.0.7.jar;C:\Users\uSER\.m2\repository\org\yaml\snakeyaml\1.33\snakeyaml-1.33.jar;C:\Users\uSER\.m2\repository\org\springframework\boot\spring-boot-starter-json\3.1.3\spring-boot-starter-json-3.1.3.jar;C:\Users\uSER\.m2\repository\com\fasterxml\jackson\core\jackson-databind\2.15.2\jackson-databind-2.15.2.jar;C:\Users\uSER\.m2\repository\com\fasterxml\jackson\core\jackson-annotations\2.15.2\jackson-annotations-2.15.2.jar;C:\Users\uSER\.m2\repository\com\fasterxml\jackson\core\jackson-core\2.15.2\jackson-core-2.15.2.jar;C:\Users\uSER\.m2\repository\com\fasterxml\jackson\datatype\jackson-datatype-jdk8\2.15.2\jackson-datatype-jdk8-2.15.2.jar;C:\Users\uSER\.m2\repository\com\fasterxml\jackson\datatype\jackson-datatype-jsr310\2.15.2\jackson-datatype-jsr310-2.15.2.jar;C:\Users\uSER\.m2\repository\com\fasterxml\jackson\module\jackson-module-parameter-names\2.15.2\jackson-module-parameter-names-2.15.2.jar;C:\Users\uSER\.m2\repository\org\springframework\boot\spring-boot-starter-tomcat\3.1.3\spring-boot-starter-tomcat-3.1.3.jar;C:\Users\uSER\.m2\repository\org\apache\tomcat\embed\tomcat-embed-core\10.1.12\tomcat-embed-core-10.1.12.jar;C:\Users\uSER\.m2\repository\org\apache\tomcat\embed\tomcat-embed-el\10.1.12\tomcat-embed-el-10.1.12.jar;C:\Users\uSER\.m2\repository\org\apache\tomcat\embed\tomcat-embed-websocket\10.1.12\tomcat-embed-websocket-10.1.12.jar;C:\Users\uSER\.m2\repository\org\springframework\spring-web\6.0.11\spring-web-6.0.11.jar;C:\Users\uSER\.m2\repository\io\micrometer\micrometer-observation\1.11.3\micrometer-observation-1.11.3.jar;C:\Users\uSER\.m2\repository\io\micrometer\micrometer-commons\1.11.3\micrometer-commons-1.11.3.jar;C:\Users\uSER\.m2\repository\org\springframework\spring-webmvc\6.0.11\spring-webmvc-6.0.11.jar;C:\Users\uSER\.m2\repository\org\springframework\spring-expression\6.0.11\spring-expression-6.0.11.jar;C:\Users\uSER\.m2\repository\org\postgresql\postgresql\42.6.0\postgresql-42.6.0.jar;C:\Users\uSER\.m2\repository\org\checkerframework\checker-qual\3.31.0\checker-qual-3.31.0.jar;C:\Users\uSER\.m2\repository\org\projectlombok\lombok\1.18.28\lombok-1.18.28.jar;C:\Users\uSER\.m2\repository\jakarta\xml\bind\jakarta.xml.bind-api\4.0.0\jakarta.xml.bind-api-4.0.0.jar;C:\Users\uSER\.m2\repository\jakarta\activation\jakarta.activation-api\2.1.2\jakarta.activation-api-2.1.2.jar;C:\Users\uSER\.m2\repository\org\springframework\spring-core\6.0.11\spring-core-6.0.11.jar;C:\Users\uSER\.m2\repository\org\springframework\spring-jcl\6.0.11\spring-jcl-6.0.11.jar
Launcher Type: SUN_STANDARD

[Global flags]
     intx CICompilerCount                          = 4                                         {product} {ergonomic}
     uint ConcGCThreads                            = 3                                         {product} {ergonomic}
     uint G1ConcRefinementThreads                  = 10                                        {product} {ergonomic}
   size_t G1HeapRegionSize                         = 1048576                                   {product} {ergonomic}
    uintx GCDrainStackTargetSize                   = 64                                        {product} {ergonomic}
   size_t InitialHeapSize                          = 134217728                                 {product} {ergonomic}
     bool ManagementServer                         = true                                      {product} {command line}
   size_t MarkStackSize                            = 4194304                                   {product} {ergonomic}
   size_t MaxHeapSize                              = 2124414976                                {product} {ergonomic}
   size_t MaxNewSize                               = 1274019840                                {product} {ergonomic}
   size_t MinHeapDeltaBytes                        = 1048576                                   {product} {ergonomic}
   size_t MinHeapSize                              = 8388608                                   {product} {ergonomic}
    uintx NonProfiledCodeHeapSize                  = 0                                      {pd product} {ergonomic}
     bool ProfileInterpreter                       = false                                  {pd product} {command line}
    uintx ProfiledCodeHeapSize                     = 0                                      {pd product} {ergonomic}
   size_t SoftMaxHeapSize                          = 2124414976                             {manageable} {ergonomic}
     intx TieredStopAtLevel                        = 1                                         {product} {command line}
     bool UseCompressedClassPointers               = true                           {product lp64_product} {ergonomic}
     bool UseCompressedOops                        = true                           {product lp64_product} {ergonomic}
     bool UseG1GC                                  = true                                      {product} {ergonomic}
     bool UseLargePagesIndividualAllocation        = false                                  {pd product} {ergonomic}

Logging:
Log output configuration:
 #0: stdout all=warning uptime,level,tags foldmultilines=false
 #1: stderr all=off uptime,level,tags foldmultilines=false

Environment Variables:
PATH=C:\Program Files\Common Files\Oracle\Java\javapath;C:\Windows\system32;C:\Windows;C:\Windows\System32\Wbem;C:\Windows\System32\WindowsPowerShell\v1.0\;C:\Windows\System32\OpenSSH\;C:\Program Files (x86)\NVIDIA Corporation\PhysX\Common;C:\Program Files\NVIDIA Corporation\NVIDIA NvDLISR;C:\Program Files\Java\jdk-20\bin;C:\Program Files\Docker\Docker\resources\bin;D:\Programas\GIT\Git\cmd;C:\Users\uSER\AppData\Local\Microsoft\WindowsApps;;D:\Desenvolvimento\Intellij\IntelliJ IDEA 2023.2\bin;
USERNAME=uSER
OS=Windows_NT
PROCESSOR_IDENTIFIER=Intel64 Family 6 Model 165 Stepping 3, GenuineIntel
TMP=C:\Users\uSER\AppData\Local\Temp
TEMP=C:\Users\uSER\AppData\Local\Temp




---------------  S Y S T E M  ---------------

OS:
 Windows 10 , 64 bit Build 19041 (10.0.19041.3155)
OS uptime: 2 days 5:45 hours
Hyper-V role detected

CPU: total 12 (initial active 12) (6 cores per cpu, 2 threads per core) family 6 model 165 stepping 3 microcode 0xea, cx8, cmov, fxsr, ht, mmx, 3dnowpref, sse, sse2, sse3, ssse3, sse4.1, sse4.2, popcnt, lzcnt, tsc, tscinvbit, avx, avx2, aes, erms, clmul, bmi1, bmi2, adx, fma, vzeroupper, clflush, clflushopt, hv, rdtscp, f16c

Memory: 4k page, system-wide physical 8101M (1048M free)
TotalPageFile size 18341M (AvailPageFile size 4200M)
current process WorkingSet (physical memory assigned to process): 188M, peak: 188M
current process commit charge ("private bytes"): 232M, peak: 248M

vm_info: Java HotSpot(TM) 64-Bit Server VM (20.0.2+9-78) for windows-amd64 JRE (20.0.2+9-78), built on 2023-06-14T10:08:48Z by "mach5one" with MS VC++ 17.1 (VS2022)

END.
